c:\users\tvanet200\documents\github\gp2coursework\build\gp2coursework.dir\debug\vc120.pdb
c:\users\tvanet200\documents\github\gp2coursework\build\gp2coursework.dir\debug\texture.obj
c:\users\tvanet200\documents\github\gp2coursework\build\gp2coursework.dir\debug\shader.obj
c:\users\tvanet200\documents\github\gp2coursework\build\gp2coursework.dir\debug\main.obj
c:\users\tvanet200\documents\github\gp2coursework\build\gp2coursework.dir\debug\graphics.obj
c:\users\tvanet200\documents\github\gp2coursework\build\gp2coursework.dir\debug\gameobject.obj
c:\users\tvanet200\documents\github\gp2coursework\build\gp2coursework.dir\debug\filesystem.obj
c:\users\tvanet200\documents\github\gp2coursework\build\gp2coursework.dir\debug\fbxloader.obj
c:\users\tvanet200\documents\github\gp2coursework\build\cmakefiles\generate.stamp
c:\users\tvanet200\documents\github\gp2coursework\build\debug\gp2coursework.ilk
c:\users\tvanet200\documents\github\gp2coursework\build\debug\gp2coursework.exe
c:\users\tvanet200\documents\github\gp2coursework\build\debug\gp2coursework.pdb
c:\users\tvanet200\documents\github\gp2coursework\build\gp2coursework.dir\debug\gp2coursework.tlog\cl.command.1.tlog
c:\users\tvanet200\documents\github\gp2coursework\build\gp2coursework.dir\debug\gp2coursework.tlog\cl.read.1.tlog
c:\users\tvanet200\documents\github\gp2coursework\build\gp2coursework.dir\debug\gp2coursework.tlog\cl.write.1.tlog
c:\users\tvanet200\documents\github\gp2coursework\build\gp2coursework.dir\debug\gp2coursework.tlog\custombuild.command.1.tlog
c:\users\tvanet200\documents\github\gp2coursework\build\gp2coursework.dir\debug\gp2coursework.tlog\custombuild.read.1.tlog
c:\users\tvanet200\documents\github\gp2coursework\build\gp2coursework.dir\debug\gp2coursework.tlog\custombuild.write.1.tlog
c:\users\tvanet200\documents\github\gp2coursework\build\gp2coursework.dir\debug\gp2coursework.tlog\link.command.1.tlog
c:\users\tvanet200\documents\github\gp2coursework\build\gp2coursework.dir\debug\gp2coursework.tlog\link.read.1.tlog
c:\users\tvanet200\documents\github\gp2coursework\build\gp2coursework.dir\debug\gp2coursework.tlog\link.write.1.tlog
